<?xml version="1.0" encoding="UTF-8"?>
<!-- Generated by org.testng.reporters.JUnitReportReporter -->
<testsuite hostname="Hari" failures="0" tests="2" name="practiceTestt.VerifyTheAppEcomm" time="20.600" errors="0" timestamp="2025-08-30T14:26:04 IST" skipped="0">
  <testcase classname="practiceTestt.VerifyTheAppEcomm" name="test" time="9.857"/>
  <testcase classname="practiceTestt.VerifyTheAppEcomm" name="test" time="10.743"/>
</testsuite> <!-- practiceTestt.VerifyTheAppEcomm -->
