<?xml version="1.0" encoding="UTF-8"?>
<!-- Generated by org.testng.reporters.JUnitReportReporter -->
<testsuite hostname="Hari" failures="0" tests="1" name="com.ecomm.UserTest.NavigatingtomycartTestt" time="33.056" errors="0" timestamp="2025-08-18T15:51:57 IST" skipped="0">
  <testcase classname="com.ecomm.UserTest.NavigatingtomycartTestt" name="subcatatoryTest" time="33.056"/>
</testsuite> <!-- com.ecomm.UserTest.NavigatingtomycartTestt -->
