<?xml version="1.0" encoding="UTF-8"?>
<!-- Generated by org.testng.reporters.JUnitReportReporter -->
<testsuite hostname="Hari" failures="0" tests="1" name="com.ecomm.adminModuleTest.NavigatingtocreateProductTest" time="18.160" errors="0" timestamp="2025-07-01T22:05:02 IST" skipped="0">
  <testcase classname="com.ecomm.adminModuleTest.NavigatingtocreateProductTest" name="createProductTest" time="18.160"/>
</testsuite> <!-- com.ecomm.adminModuleTest.NavigatingtocreateProductTest -->
