<?xml version="1.0" encoding="UTF-8"?>
<!-- Generated by org.testng.reporters.JUnitReportReporter -->
<testsuite hostname="Hari" failures="0" tests="1" name="com.ecomm.adminModuleTest.NavigatingtosubcatagoryTest" time="7.534" errors="0" timestamp="2025-08-21T17:33:18 IST" skipped="0">
  <testcase classname="com.ecomm.adminModuleTest.NavigatingtosubcatagoryTest" name="subcatatoryTest" time="7.534"/>
</testsuite> <!-- com.ecomm.adminModuleTest.NavigatingtosubcatagoryTest -->
