<?xml version="1.0" encoding="UTF-8"?>
<!-- Generated by org.testng.reporters.JUnitReportReporter -->
<testsuite hostname="Hari" failures="0" tests="1" name="com.ecomm.adminModuleTest.NavigatetouserLoginLogTest" time="14.255" errors="0" timestamp="2025-07-06T12:50:19 IST" skipped="0">
  <testcase classname="com.ecomm.adminModuleTest.NavigatetouserLoginLogTest" name="loginlogTest" time="14.255"/>
</testsuite> <!-- com.ecomm.adminModuleTest.NavigatetouserLoginLogTest -->
