<?xml version="1.0" encoding="UTF-8"?>
<!-- Generated by org.testng.reporters.JUnitReportReporter -->
<testsuite hostname="Hari" failures="0" tests="1" name="com.ecomm.UserTest.NavigatingtomycartTest" time="16.144" errors="0" timestamp="2025-08-18T15:48:56 IST" skipped="0">
  <testcase classname="com.ecomm.UserTest.NavigatingtomycartTest" name="subcatatoryTest" time="16.144"/>
</testsuite> <!-- com.ecomm.UserTest.NavigatingtomycartTest -->
