<?xml version="1.0" encoding="UTF-8"?>
<!-- Generated by org.testng.reporters.JUnitReportReporter -->
<testsuite hostname="Hari" failures="0" tests="1" name="com.ecomm.adminModuleTest.NavigatingtocreateProductTest" time="12.165" errors="0" timestamp="2025-08-18T20:13:54 IST" skipped="0">
  <testcase classname="com.ecomm.adminModuleTest.NavigatingtocreateProductTest" name="createProductTest" time="12.165"/>
</testsuite> <!-- com.ecomm.adminModuleTest.NavigatingtocreateProductTest -->
