<?xml version="1.0" encoding="UTF-8"?>
<!-- Generated by org.testng.reporters.JUnitReportReporter -->
<testsuite hostname="Hari" failures="0" tests="1" name="com.ecomm.adminModuleTest.NavigatingtosubcatagoryTest" time="9.257" errors="0" timestamp="2025-07-01T22:06:13 IST" skipped="0">
  <testcase classname="com.ecomm.adminModuleTest.NavigatingtosubcatagoryTest" name="subcatatoryTest" time="9.257"/>
</testsuite> <!-- com.ecomm.adminModuleTest.NavigatingtosubcatagoryTest -->
