<?xml version="1.0" encoding="UTF-8"?>
<!-- Generated by org.testng.reporters.JUnitReportReporter -->
<testsuite hostname="Hari" failures="0" tests="3" name="practiceTestt.VerifyTheProjectNameInDatabase" time="10.196" errors="0" timestamp="2025-09-04T18:11:03 IST" skipped="0">
  <testcase classname="practiceTestt.VerifyTheProjectNameInDatabase" name="printAllDataFromDataBase" time="2.737"/>
  <testcase classname="practiceTestt.VerifyTheProjectNameInDatabase" name="test" time="6.802"/>
  <testcase classname="practiceTestt.VerifyTheProjectNameInDatabase" name="test2" time="0.657"/>
</testsuite> <!-- practiceTestt.VerifyTheProjectNameInDatabase -->
