<?xml version="1.0" encoding="UTF-8"?>
<!-- Generated by org.testng.reporters.JUnitReportReporter -->
<testsuite hostname="Hari" failures="0" tests="1" name="com.ecomm.UserTest.NavigatingtoPlaceorderTest" time="7.404" errors="0" timestamp="2025-08-18T20:36:08 IST" skipped="0">
  <testcase classname="com.ecomm.UserTest.NavigatingtoPlaceorderTest" name="placeorderTest" time="7.404"/>
</testsuite> <!-- com.ecomm.UserTest.NavigatingtoPlaceorderTest -->
