<?xml version="1.0" encoding="UTF-8"?>
<!-- Generated by org.testng.reporters.JUnitReportReporter -->
<testsuite hostname="Hari" failures="0" tests="2" name="practiceTestt.dataproviderTestClass" time="0.016" errors="0" timestamp="2025-08-30T12:32:38 IST" skipped="0">
  <testcase classname="practiceTestt.dataproviderTestClass" name="test" time="0.002"/>
  <testcase classname="practiceTestt.dataproviderTestClass" name="test" time="0.014"/>
</testsuite> <!-- practiceTestt.dataproviderTestClass -->
