<?xml version="1.0" encoding="UTF-8"?>
<!-- Generated by org.testng.reporters.JUnitReportReporter -->
<testsuite hostname="Hari" failures="0" tests="9" name="datadrivenConcept.ExecuteReqDataproviderWithExcel" time="31.255" errors="0" timestamp="2025-06-28T22:37:26 IST" skipped="0">
  <testcase classname="datadrivenConcept.ExecuteReqDataproviderWithExcel" name="sampleTest" time="2.430"/>
  <testcase classname="datadrivenConcept.ExecuteReqDataproviderWithExcel" name="sampleTest" time="1.172"/>
  <testcase classname="datadrivenConcept.ExecuteReqDataproviderWithExcel" name="sampleTest" time="3.913"/>
  <testcase classname="datadrivenConcept.ExecuteReqDataproviderWithExcel" name="sampleTest" time="2.270"/>
  <testcase classname="datadrivenConcept.ExecuteReqDataproviderWithExcel" name="sampleTest" time="4.500"/>
  <testcase classname="datadrivenConcept.ExecuteReqDataproviderWithExcel" name="sampleTest" time="1.128"/>
  <testcase classname="datadrivenConcept.ExecuteReqDataproviderWithExcel" name="sampleTest" time="7.553"/>
  <testcase classname="datadrivenConcept.ExecuteReqDataproviderWithExcel" name="sampleTest" time="1.225"/>
  <testcase classname="datadrivenConcept.ExecuteReqDataproviderWithExcel" name="sampleTest" time="7.064"/>
</testsuite> <!-- datadrivenConcept.ExecuteReqDataproviderWithExcel -->
